{
  "stats": {
    "suites": 7,
    "tests": 11,
    "passes": 11,
    "pending": 0,
    "failures": 0,
    "testsRegistered": 11,
    "passPercent": 100,
    "pendingPercent": 0,
    "other": 0,
    "hasOther": false,
    "skipped": 0,
    "hasSkipped": false,
    "start": "2026-05-23T16:05:14.585Z",
    "end": "2026-05-23T16:06:04.282Z",
    "duration": 49697
  },
  "results": [
    {
      "uuid": "34a4958f-e5a2-4514-b7c5-9041c1ac9c6d",
      "title": "",
      "fullFile": "cypress\\e2e\\02_registration.cy.js",
      "file": "cypress\\e2e\\02_registration.cy.js",
      "beforeHooks": [],
      "afterHooks": [],
      "tests": [],
      "suites": [
        {
          "uuid": "060c9f5e-cb3b-4594-b421-f487bad78a61",
          "title": "TC-AUTO-02: Patient Registration",
          "fullFile": "",
          "file": "",
          "beforeHooks": [],
          "afterHooks": [],
          "tests": [
            {
              "title": "TC-AUTO-03: Valid registration data creates account and redirects to login",
              "fullTitle": "TC-AUTO-02: Patient Registration TC-AUTO-03: Valid registration data creates account and redirects to login",
              "timedOut": null,
              "duration": 6314,
              "state": "passed",
              "speed": "medium",
              "pass": true,
              "fail": false,
              "pending": false,
              "context": null,
              "code": "const uniqueEmail = `patient_${Date.now()}@test.com`;\ncy.get('[name=\"first_name\"]').type('Ana');\ncy.get('[name=\"last_name\"]').type('Krasniqi');\ncy.get('[name=\"email\"]').type(uniqueEmail);\ncy.get('[name=\"password\"]').type('Test@1234');\ncy.get('[name=\"date_of_birth\"]').type('1995-05-15');\ncy.get('[name=\"gender\"]').type('Female'); // ← FIXED: type() not select()\ncy.get('[name=\"phone\"]').type('044123456');\ncy.get('[name=\"insurance_info\"]').type('INS-2024-001');\ncy.get('button[type=\"submit\"]').click();\n// Success message appears\ncy.get('.bg-green-50.text-green-700').should('be.visible').and('contain', 'Registration successful');\n// After 2 seconds the app redirects to /login\ncy.url().should('include', '/login', {\n  timeout: 5000\n});",
              "err": {},
              "uuid": "a2567713-1c0a-4a63-b852-c4b053020fc1",
              "parentUUID": "060c9f5e-cb3b-4594-b421-f487bad78a61",
              "isHook": false,
              "skipped": false
            },
            {
              "title": "TC-AUTO-04: Empty form submission shows required field errors",
              "fullTitle": "TC-AUTO-02: Patient Registration TC-AUTO-04: Empty form submission shows required field errors",
              "timedOut": null,
              "duration": 292,
              "state": "passed",
              "speed": "fast",
              "pass": true,
              "fail": false,
              "pending": false,
              "context": null,
              "code": "cy.get('button[type=\"submit\"]').click();\ncy.get('.bg-red-50.text-red-700').should('be.visible').and('contain', 'Please correct the highlighted fields');\ncy.contains('First Name is required.').should('be.visible');\ncy.contains('Last Name is required.').should('be.visible');\ncy.contains('Email Address is required.').should('be.visible');\ncy.contains('Password is required.').should('be.visible');\ncy.url().should('include', '/register');",
              "err": {},
              "uuid": "0f23e4ed-0204-419a-a681-e65616a913ed",
              "parentUUID": "060c9f5e-cb3b-4594-b421-f487bad78a61",
              "isHook": false,
              "skipped": false
            }
          ],
          "suites": [],
          "passes": [
            "a2567713-1c0a-4a63-b852-c4b053020fc1",
            "0f23e4ed-0204-419a-a681-e65616a913ed"
          ],
          "failures": [],
          "pending": [],
          "skipped": [],
          "duration": 6606,
          "root": false,
          "rootEmpty": false,
          "_timeout": 2000
        }
      ],
      "passes": [],
      "failures": [],
      "pending": [],
      "skipped": [],
      "duration": 0,
      "root": true,
      "rootEmpty": true,
      "_timeout": 2000
    },
    {
      "uuid": "1ddcaaf7-c1b4-41b6-bba3-67b649ff0734",
      "title": "",
      "fullFile": "cypress\\e2e\\03_admin_panel.cy.js",
      "file": "cypress\\e2e\\03_admin_panel.cy.js",
      "beforeHooks": [],
      "afterHooks": [],
      "tests": [],
      "suites": [
        {
          "uuid": "d9d08113-9f50-462c-a081-5451e5908e12",
          "title": "TC-AUTO-05: Admin Panel Access Control",
          "fullFile": "",
          "file": "",
          "beforeHooks": [],
          "afterHooks": [],
          "tests": [
            {
              "title": "TC-AUTO-05a: Admin user can access /adminpanel",
              "fullTitle": "TC-AUTO-05: Admin Panel Access Control TC-AUTO-05a: Admin user can access /adminpanel",
              "timedOut": null,
              "duration": 2264,
              "state": "passed",
              "speed": "fast",
              "pass": true,
              "fail": false,
              "pending": false,
              "context": null,
              "code": "cy.loginAs('admin');\ncy.visit('/adminpanel');\n// Admin Panel heading must be visible\ncy.contains('h1', 'Admin Panel').should('be.visible');\n// The three management cards must be present\ncy.contains('Doctor Management').should('be.visible');\ncy.contains('Patient Management').should('be.visible');\ncy.contains('Pharmacy / Inventory').should('be.visible');",
              "err": {},
              "uuid": "b5a4836c-8d4f-4890-acc3-d622011c8a71",
              "parentUUID": "d9d08113-9f50-462c-a081-5451e5908e12",
              "isHook": false,
              "skipped": false
            },
            {
              "title": "TC-AUTO-05b: Patient role cannot access /adminpanel and gets redirected",
              "fullTitle": "TC-AUTO-05: Admin Panel Access Control TC-AUTO-05b: Patient role cannot access /adminpanel and gets redirected",
              "timedOut": null,
              "duration": 1043,
              "state": "passed",
              "speed": "fast",
              "pass": true,
              "fail": false,
              "pending": false,
              "context": null,
              "code": "cy.loginAs('patient');\ncy.visit('/adminpanel');\n// AdminPanel.js redirects non-admins to '/'\ncy.url().should('eq', Cypress.config().baseUrl + '/');\n// Admin Panel heading must NOT be on screen\ncy.contains('h1', 'Admin Panel').should('not.exist');",
              "err": {},
              "uuid": "e98267dd-43da-42e1-a2d4-f53da2c9ff3f",
              "parentUUID": "d9d08113-9f50-462c-a081-5451e5908e12",
              "isHook": false,
              "skipped": false
            }
          ],
          "suites": [],
          "passes": [
            "b5a4836c-8d4f-4890-acc3-d622011c8a71",
            "e98267dd-43da-42e1-a2d4-f53da2c9ff3f"
          ],
          "failures": [],
          "pending": [],
          "skipped": [],
          "duration": 3307,
          "root": false,
          "rootEmpty": false,
          "_timeout": 2000
        }
      ],
      "passes": [],
      "failures": [],
      "pending": [],
      "skipped": [],
      "duration": 0,
      "root": true,
      "rootEmpty": true,
      "_timeout": 2000
    },
    {
      "uuid": "b014f297-87de-457b-a954-bf060e7c7f8a",
      "title": "",
      "fullFile": "cypress\\e2e\\04_create_doctor.cy.js",
      "file": "cypress\\e2e\\04_create_doctor.cy.js",
      "beforeHooks": [],
      "afterHooks": [],
      "tests": [],
      "suites": [
        {
          "uuid": "811ba7a9-9601-4e87-bdf5-eb75e9f74046",
          "title": "TC-AUTO-07: Admin Creates Doctor Account",
          "fullFile": "",
          "file": "",
          "beforeHooks": [],
          "afterHooks": [],
          "tests": [
            {
              "title": "TC-AUTO-07: Admin successfully creates a new doctor account",
              "fullTitle": "TC-AUTO-07: Admin Creates Doctor Account TC-AUTO-07: Admin successfully creates a new doctor account",
              "timedOut": null,
              "duration": 6810,
              "state": "passed",
              "speed": "medium",
              "pass": true,
              "fail": false,
              "pending": false,
              "context": null,
              "code": "cy.visit('/create-doctor');\nconst uniqueEmail = `dr.test_${Date.now()}@klinika.com`;\ncy.get('[name=\"first_name\"]').type('Bekim');\ncy.get('[name=\"last_name\"]').type('Berisha');\ncy.get('[name=\"email\"]').type(uniqueEmail);\ncy.get('[name=\"password\"]').type('Doctor@123');\ncy.get('[name=\"specialization\"]').type('Cardiology');\ncy.get('[name=\"license_number\"]').type('LIC-2024-789');\ncy.get('[name=\"years_of_experience\"]').type('10');\ncy.get('button[type=\"submit\"]').click();\n// Success message appears\ncy.get('.bg-green-50.text-green-700').should('be.visible').and('contain', 'Doctor account created successfully');\n// After 1 second redirects to /doctors-dashboard\ncy.url().should('include', '/doctors-dashboard', {\n  timeout: 5000\n});",
              "err": {},
              "uuid": "62f1c706-c8ec-449d-92f8-1814f4c06a9b",
              "parentUUID": "811ba7a9-9601-4e87-bdf5-eb75e9f74046",
              "isHook": false,
              "skipped": false
            }
          ],
          "suites": [],
          "passes": [
            "62f1c706-c8ec-449d-92f8-1814f4c06a9b"
          ],
          "failures": [],
          "pending": [],
          "skipped": [],
          "duration": 6810,
          "root": false,
          "rootEmpty": false,
          "_timeout": 2000
        }
      ],
      "passes": [],
      "failures": [],
      "pending": [],
      "skipped": [],
      "duration": 0,
      "root": true,
      "rootEmpty": true,
      "_timeout": 2000
    },
    {
      "uuid": "615bb96c-2c58-4eed-ae5b-6fd492e121e8",
      "title": "",
      "fullFile": "cypress\\e2e\\05_book_appointment.cy.js",
      "file": "cypress\\e2e\\05_book_appointment.cy.js",
      "beforeHooks": [],
      "afterHooks": [],
      "tests": [],
      "suites": [
        {
          "uuid": "da141534-7c4e-4bc1-b4fa-b32a0132ed39",
          "title": "TC-AUTO-08: Patient Books Appointment",
          "fullFile": "",
          "file": "",
          "beforeHooks": [],
          "afterHooks": [],
          "tests": [
            {
              "title": "TC-AUTO-08a: Patient fills form, selects doctor and books appointment",
              "fullTitle": "TC-AUTO-08: Patient Books Appointment TC-AUTO-08a: Patient fills form, selects doctor and books appointment",
              "timedOut": null,
              "duration": 5482,
              "state": "passed",
              "speed": "medium",
              "pass": true,
              "fail": false,
              "pending": false,
              "context": null,
              "code": "cy.intercept('GET', '**/api/doctors/availability*').as('getDoctors');\ncy.visit('/book-appointment');\n// Dynamic future date\nconst futureDate = new Date();\nfutureDate.setDate(futureDate.getDate() + 7);\nconst formattedDate = futureDate.toISOString().split('T')[0];\ncy.get('input[type=\"date\"]').type(formattedDate);\ncy.get('input[type=\"time\"]').type('10:00');\n// Wait for API\ncy.wait('@getDoctors');\n// Select real available doctor\ncy.get('select option', {\n  timeout: 10000\n}).should('exist').then($options => {\n  const options = [...$options];\n  const validDoctors = options.filter(option => option.value !== '' && !option.disabled && !option.text.includes('Choose a doctor') && !option.text.includes('No doctors available') && !option.text.includes('Loading'));\n  expect(validDoctors.length).to.be.greaterThan(0);\n  cy.get('select').select(validDoctors[0].value);\n});\n// Fill form\ncy.get('input[placeholder*=\"General checkup\"]').type('General checkup visit');\ncy.get('textarea').type('No additional notes.');\n// Submit\ncy.contains('button', 'Request Appointment').click();\n// Verify success\ncy.contains('successfully', {\n  timeout: 10000\n}).should('be.visible');",
              "err": {},
              "uuid": "5dcbd8f3-3c3b-4947-a233-5d8b3d30492f",
              "parentUUID": "da141534-7c4e-4bc1-b4fa-b32a0132ed39",
              "isHook": false,
              "skipped": false
            }
          ],
          "suites": [],
          "passes": [
            "5dcbd8f3-3c3b-4947-a233-5d8b3d30492f"
          ],
          "failures": [],
          "pending": [],
          "skipped": [],
          "duration": 5482,
          "root": false,
          "rootEmpty": false,
          "_timeout": 2000
        }
      ],
      "passes": [],
      "failures": [],
      "pending": [],
      "skipped": [],
      "duration": 0,
      "root": true,
      "rootEmpty": true,
      "_timeout": 2000
    },
    {
      "uuid": "5fba8e2b-b2d9-4fe0-b598-f8bd5146bdee",
      "title": "",
      "fullFile": "cypress\\e2e\\06_staff_page.cy.js",
      "file": "cypress\\e2e\\06_staff_page.cy.js",
      "beforeHooks": [],
      "afterHooks": [],
      "tests": [],
      "suites": [
        {
          "uuid": "188e655d-bfe8-4a39-b14a-d3e11262bc51",
          "title": "TC-AUTO-09: Our Staff Page",
          "fullFile": "",
          "file": "",
          "beforeHooks": [],
          "afterHooks": [],
          "tests": [
            {
              "title": "TC-AUTO-09: Staff page loads and displays doctor list",
              "fullTitle": "TC-AUTO-09: Our Staff Page TC-AUTO-09: Staff page loads and displays doctor list",
              "timedOut": null,
              "duration": 1391,
              "state": "passed",
              "speed": "fast",
              "pass": true,
              "fail": false,
              "pending": false,
              "context": null,
              "code": "// This is a public route — no login needed\ncy.visit('/staff');\n// Page must load successfully\ncy.url().should('include', '/staff');\n// Wait for doctors to load from API (allow up to 10 seconds)\ncy.get('body').should('be.visible');\n// The page should not show an error state\ncy.contains('Error').should('not.exist');",
              "err": {},
              "uuid": "377ac4e0-ad42-4e60-a87b-02a2a99e7ea9",
              "parentUUID": "188e655d-bfe8-4a39-b14a-d3e11262bc51",
              "isHook": false,
              "skipped": false
            }
          ],
          "suites": [],
          "passes": [
            "377ac4e0-ad42-4e60-a87b-02a2a99e7ea9"
          ],
          "failures": [],
          "pending": [],
          "skipped": [],
          "duration": 1391,
          "root": false,
          "rootEmpty": false,
          "_timeout": 2000
        }
      ],
      "passes": [],
      "failures": [],
      "pending": [],
      "skipped": [],
      "duration": 0,
      "root": true,
      "rootEmpty": true,
      "_timeout": 2000
    },
    {
      "uuid": "c8032d8d-fd0d-4a56-a4c6-da3143aeec5d",
      "title": "",
      "fullFile": "cypress\\e2e\\07_logout.cy.js",
      "file": "cypress\\e2e\\07_logout.cy.js",
      "beforeHooks": [],
      "afterHooks": [],
      "tests": [],
      "suites": [
        {
          "uuid": "ce4c005e-4916-484f-a7c2-fb96d0600d2a",
          "title": "TC-AUTO-10: Logout Functionality",
          "fullFile": "",
          "file": "",
          "beforeHooks": [],
          "afterHooks": [],
          "tests": [
            {
              "title": "TC-AUTO-10a: User logs out successfully",
              "fullTitle": "TC-AUTO-10: Logout Functionality TC-AUTO-10a: User logs out successfully",
              "timedOut": null,
              "duration": 2883,
              "state": "passed",
              "speed": "fast",
              "pass": true,
              "fail": false,
              "pending": false,
              "context": null,
              "code": "cy.loginAs('patient');\ncy.visit('/');\ncy.contains('Logout').click();\n// Verify token removed\ncy.window().then(win => {\n  expect(win.localStorage.getItem('token')).to.be.null;\n});\n// Verify user sees login option again\ncy.contains(/login|sign in/i).should('be.visible');",
              "err": {},
              "uuid": "40a3854b-bd18-4a87-ab82-efeb24781abd",
              "parentUUID": "ce4c005e-4916-484f-a7c2-fb96d0600d2a",
              "isHook": false,
              "skipped": false
            },
            {
              "title": "TC-AUTO-10b: Logged out user cannot access protected route",
              "fullTitle": "TC-AUTO-10: Logout Functionality TC-AUTO-10b: Logged out user cannot access protected route",
              "timedOut": null,
              "duration": 1153,
              "state": "passed",
              "speed": "fast",
              "pass": true,
              "fail": false,
              "pending": false,
              "context": null,
              "code": "cy.loginAs('patient');\ncy.contains('Logout').click();\ncy.visit('/book-appointment');\n// User should be redirected to login\ncy.url().should('include', '/login');\ncy.contains(/login/i).should('be.visible');",
              "err": {},
              "uuid": "1e50f86d-584c-4f63-a541-59a73bc21284",
              "parentUUID": "ce4c005e-4916-484f-a7c2-fb96d0600d2a",
              "isHook": false,
              "skipped": false
            }
          ],
          "suites": [],
          "passes": [
            "40a3854b-bd18-4a87-ab82-efeb24781abd",
            "1e50f86d-584c-4f63-a541-59a73bc21284"
          ],
          "failures": [],
          "pending": [],
          "skipped": [],
          "duration": 4036,
          "root": false,
          "rootEmpty": false,
          "_timeout": 2000
        }
      ],
      "passes": [],
      "failures": [],
      "pending": [],
      "skipped": [],
      "duration": 0,
      "root": true,
      "rootEmpty": true,
      "_timeout": 2000
    },
    {
      "uuid": "3b7295f6-ecc1-45f8-9952-1a24a659cb4b",
      "title": "",
      "fullFile": "cypress\\e2e\\01_login.cy.js",
      "file": "cypress\\e2e\\01_login.cy.js",
      "beforeHooks": [],
      "afterHooks": [],
      "tests": [],
      "suites": [
        {
          "uuid": "88799ede-8b57-4bff-bf30-e0436fd5c98a",
          "title": "TC-AUTO-01: Login Functionality",
          "fullFile": "",
          "file": "",
          "beforeHooks": [],
          "afterHooks": [],
          "tests": [
            {
              "title": "TC-AUTO-01a: Valid credentials log in the user and redirect to home",
              "fullTitle": "TC-AUTO-01: Login Functionality TC-AUTO-01a: Valid credentials log in the user and redirect to home",
              "timedOut": null,
              "duration": 3236,
              "state": "passed",
              "speed": "fast",
              "pass": true,
              "fail": false,
              "pending": false,
              "context": null,
              "code": "cy.fixture('users').then(users => {\n  cy.get('[name=\"email\"]').type(users.patient.email);\n  cy.get('[name=\"password\"]').type(users.patient.password);\n  cy.get('button[type=\"submit\"]').click();\n  // After login, app navigates to '/' (Home)\n  cy.url().should('eq', Cypress.config().baseUrl + '/');\n  // Token must be stored in localStorage\n  cy.window().then(win => {\n    expect(win.localStorage.getItem('token')).to.not.be.null;\n    expect(win.localStorage.getItem('role')).to.eq('PATIENT');\n  });\n});",
              "err": {},
              "uuid": "7c130ad4-b528-40bf-88f9-ed37aff128f6",
              "parentUUID": "88799ede-8b57-4bff-bf30-e0436fd5c98a",
              "isHook": false,
              "skipped": false
            },
            {
              "title": "TC-AUTO-01b: Wrong password shows error message and stays on login",
              "fullTitle": "TC-AUTO-01: Login Functionality TC-AUTO-01b: Wrong password shows error message and stays on login",
              "timedOut": null,
              "duration": 1343,
              "state": "passed",
              "speed": "fast",
              "pass": true,
              "fail": false,
              "pending": false,
              "context": null,
              "code": "cy.fixture('users').then(users => {\n  cy.get('[name=\"email\"]').type(users.patient.email);\n  cy.get('[name=\"password\"]').type('WrongPassword999');\n  cy.get('button[type=\"submit\"]').click();\n  // Error message appears — it has bg-red-50 text-red-700 class\n  cy.get('.bg-red-50.text-red-700').should('be.visible');\n  // Must stay on login page\n  cy.url().should('include', '/login');\n});",
              "err": {},
              "uuid": "47aa22da-0457-4a0c-901c-505e54d10296",
              "parentUUID": "88799ede-8b57-4bff-bf30-e0436fd5c98a",
              "isHook": false,
              "skipped": false
            }
          ],
          "suites": [],
          "passes": [
            "7c130ad4-b528-40bf-88f9-ed37aff128f6",
            "47aa22da-0457-4a0c-901c-505e54d10296"
          ],
          "failures": [],
          "pending": [],
          "skipped": [],
          "duration": 4579,
          "root": false,
          "rootEmpty": false,
          "_timeout": 2000
        }
      ],
      "passes": [],
      "failures": [],
      "pending": [],
      "skipped": [],
      "duration": 0,
      "root": true,
      "rootEmpty": true,
      "_timeout": 2000
    }
  ],
  "meta": {
    "mocha": {
      "version": "7.2.0"
    },
    "mochawesome": {
      "options": {
        "quiet": false,
        "reportFilename": "mochawesome",
        "saveHtml": true,
        "saveJson": true,
        "consoleReporter": "spec",
        "useInlineDiffs": false,
        "code": true
      },
      "version": "7.1.4"
    },
    "marge": {
      "options": {
        "reportDir": "cypress/reports",
        "overwrite": false,
        "html": true,
        "json": true,
        "reportTitle": "Medical Clinic - Automated Testing Report"
      },
      "version": "6.3.2"
    }
  }
}