{
  "stats": {
    "suites": 1,
    "tests": 2,
    "passes": 2,
    "pending": 0,
    "failures": 0,
    "start": "2026-05-23T16:05:22.139Z",
    "end": "2026-05-23T16:05:28.831Z",
    "duration": 6692,
    "testsRegistered": 2,
    "passPercent": 100,
    "pendingPercent": 0,
    "other": 0,
    "hasOther": false,
    "skipped": 0,
    "hasSkipped": false
  },
  "results": [
    {
      "uuid": "34a4958f-e5a2-4514-b7c5-9041c1ac9c6d",
      "title": "",
      "fullFile": "cypress\\e2e\\02_registration.cy.js",
      "file": "cypress\\e2e\\02_registration.cy.js",
      "beforeHooks": [],
      "afterHooks": [],
      "tests": [],
      "suites": [
        {
          "uuid": "060c9f5e-cb3b-4594-b421-f487bad78a61",
          "title": "TC-AUTO-02: Patient Registration",
          "fullFile": "",
          "file": "",
          "beforeHooks": [],
          "afterHooks": [],
          "tests": [
            {
              "title": "TC-AUTO-03: Valid registration data creates account and redirects to login",
              "fullTitle": "TC-AUTO-02: Patient Registration TC-AUTO-03: Valid registration data creates account and redirects to login",
              "timedOut": null,
              "duration": 6314,
              "state": "passed",
              "speed": "medium",
              "pass": true,
              "fail": false,
              "pending": false,
              "context": null,
              "code": "const uniqueEmail = `patient_${Date.now()}@test.com`;\ncy.get('[name=\"first_name\"]').type('Ana');\ncy.get('[name=\"last_name\"]').type('Krasniqi');\ncy.get('[name=\"email\"]').type(uniqueEmail);\ncy.get('[name=\"password\"]').type('Test@1234');\ncy.get('[name=\"date_of_birth\"]').type('1995-05-15');\ncy.get('[name=\"gender\"]').type('Female'); // ← FIXED: type() not select()\ncy.get('[name=\"phone\"]').type('044123456');\ncy.get('[name=\"insurance_info\"]').type('INS-2024-001');\ncy.get('button[type=\"submit\"]').click();\n// Success message appears\ncy.get('.bg-green-50.text-green-700').should('be.visible').and('contain', 'Registration successful');\n// After 2 seconds the app redirects to /login\ncy.url().should('include', '/login', {\n  timeout: 5000\n});",
              "err": {},
              "uuid": "a2567713-1c0a-4a63-b852-c4b053020fc1",
              "parentUUID": "060c9f5e-cb3b-4594-b421-f487bad78a61",
              "isHook": false,
              "skipped": false
            },
            {
              "title": "TC-AUTO-04: Empty form submission shows required field errors",
              "fullTitle": "TC-AUTO-02: Patient Registration TC-AUTO-04: Empty form submission shows required field errors",
              "timedOut": null,
              "duration": 292,
              "state": "passed",
              "speed": "fast",
              "pass": true,
              "fail": false,
              "pending": false,
              "context": null,
              "code": "cy.get('button[type=\"submit\"]').click();\ncy.get('.bg-red-50.text-red-700').should('be.visible').and('contain', 'Please correct the highlighted fields');\ncy.contains('First Name is required.').should('be.visible');\ncy.contains('Last Name is required.').should('be.visible');\ncy.contains('Email Address is required.').should('be.visible');\ncy.contains('Password is required.').should('be.visible');\ncy.url().should('include', '/register');",
              "err": {},
              "uuid": "0f23e4ed-0204-419a-a681-e65616a913ed",
              "parentUUID": "060c9f5e-cb3b-4594-b421-f487bad78a61",
              "isHook": false,
              "skipped": false
            }
          ],
          "suites": [],
          "passes": [
            "a2567713-1c0a-4a63-b852-c4b053020fc1",
            "0f23e4ed-0204-419a-a681-e65616a913ed"
          ],
          "failures": [],
          "pending": [],
          "skipped": [],
          "duration": 6606,
          "root": false,
          "rootEmpty": false,
          "_timeout": 2000
        }
      ],
      "passes": [],
      "failures": [],
      "pending": [],
      "skipped": [],
      "duration": 0,
      "root": true,
      "rootEmpty": true,
      "_timeout": 2000
    }
  ],
  "meta": {
    "mocha": {
      "version": "7.2.0"
    },
    "mochawesome": {
      "options": {
        "quiet": false,
        "reportFilename": "mochawesome",
        "saveHtml": true,
        "saveJson": true,
        "consoleReporter": "spec",
        "useInlineDiffs": false,
        "code": true
      },
      "version": "7.1.4"
    },
    "marge": {
      "options": {
        "reportDir": "cypress/reports",
        "overwrite": false,
        "html": true,
        "json": true,
        "reportTitle": "Medical Clinic - Automated Testing Report"
      },
      "version": "6.3.2"
    }
  }
}