{
  "stats": {
    "suites": 1,
    "tests": 2,
    "passes": 2,
    "pending": 0,
    "failures": 0,
    "start": "2026-05-23T16:05:14.585Z",
    "end": "2026-05-23T16:05:19.259Z",
    "duration": 4674,
    "testsRegistered": 2,
    "passPercent": 100,
    "pendingPercent": 0,
    "other": 0,
    "hasOther": false,
    "skipped": 0,
    "hasSkipped": false
  },
  "results": [
    {
      "uuid": "3b7295f6-ecc1-45f8-9952-1a24a659cb4b",
      "title": "",
      "fullFile": "cypress\\e2e\\01_login.cy.js",
      "file": "cypress\\e2e\\01_login.cy.js",
      "beforeHooks": [],
      "afterHooks": [],
      "tests": [],
      "suites": [
        {
          "uuid": "88799ede-8b57-4bff-bf30-e0436fd5c98a",
          "title": "TC-AUTO-01: Login Functionality",
          "fullFile": "",
          "file": "",
          "beforeHooks": [],
          "afterHooks": [],
          "tests": [
            {
              "title": "TC-AUTO-01a: Valid credentials log in the user and redirect to home",
              "fullTitle": "TC-AUTO-01: Login Functionality TC-AUTO-01a: Valid credentials log in the user and redirect to home",
              "timedOut": null,
              "duration": 3236,
              "state": "passed",
              "speed": "fast",
              "pass": true,
              "fail": false,
              "pending": false,
              "context": null,
              "code": "cy.fixture('users').then(users => {\n  cy.get('[name=\"email\"]').type(users.patient.email);\n  cy.get('[name=\"password\"]').type(users.patient.password);\n  cy.get('button[type=\"submit\"]').click();\n  // After login, app navigates to '/' (Home)\n  cy.url().should('eq', Cypress.config().baseUrl + '/');\n  // Token must be stored in localStorage\n  cy.window().then(win => {\n    expect(win.localStorage.getItem('token')).to.not.be.null;\n    expect(win.localStorage.getItem('role')).to.eq('PATIENT');\n  });\n});",
              "err": {},
              "uuid": "7c130ad4-b528-40bf-88f9-ed37aff128f6",
              "parentUUID": "88799ede-8b57-4bff-bf30-e0436fd5c98a",
              "isHook": false,
              "skipped": false
            },
            {
              "title": "TC-AUTO-01b: Wrong password shows error message and stays on login",
              "fullTitle": "TC-AUTO-01: Login Functionality TC-AUTO-01b: Wrong password shows error message and stays on login",
              "timedOut": null,
              "duration": 1343,
              "state": "passed",
              "speed": "fast",
              "pass": true,
              "fail": false,
              "pending": false,
              "context": null,
              "code": "cy.fixture('users').then(users => {\n  cy.get('[name=\"email\"]').type(users.patient.email);\n  cy.get('[name=\"password\"]').type('WrongPassword999');\n  cy.get('button[type=\"submit\"]').click();\n  // Error message appears — it has bg-red-50 text-red-700 class\n  cy.get('.bg-red-50.text-red-700').should('be.visible');\n  // Must stay on login page\n  cy.url().should('include', '/login');\n});",
              "err": {},
              "uuid": "47aa22da-0457-4a0c-901c-505e54d10296",
              "parentUUID": "88799ede-8b57-4bff-bf30-e0436fd5c98a",
              "isHook": false,
              "skipped": false
            }
          ],
          "suites": [],
          "passes": [
            "7c130ad4-b528-40bf-88f9-ed37aff128f6",
            "47aa22da-0457-4a0c-901c-505e54d10296"
          ],
          "failures": [],
          "pending": [],
          "skipped": [],
          "duration": 4579,
          "root": false,
          "rootEmpty": false,
          "_timeout": 2000
        }
      ],
      "passes": [],
      "failures": [],
      "pending": [],
      "skipped": [],
      "duration": 0,
      "root": true,
      "rootEmpty": true,
      "_timeout": 2000
    }
  ],
  "meta": {
    "mocha": {
      "version": "7.2.0"
    },
    "mochawesome": {
      "options": {
        "quiet": false,
        "reportFilename": "mochawesome",
        "saveHtml": true,
        "saveJson": true,
        "consoleReporter": "spec",
        "useInlineDiffs": false,
        "code": true
      },
      "version": "7.1.4"
    },
    "marge": {
      "options": {
        "reportDir": "cypress/reports",
        "overwrite": false,
        "html": true,
        "json": true,
        "reportTitle": "Medical Clinic - Automated Testing Report"
      },
      "version": "6.3.2"
    }
  }
}