{
  "stats": {
    "suites": 1,
    "tests": 1,
    "passes": 1,
    "pending": 0,
    "failures": 0,
    "start": "2026-05-23T16:05:37.296Z",
    "end": "2026-05-23T16:05:44.165Z",
    "duration": 6869,
    "testsRegistered": 1,
    "passPercent": 100,
    "pendingPercent": 0,
    "other": 0,
    "hasOther": false,
    "skipped": 0,
    "hasSkipped": false
  },
  "results": [
    {
      "uuid": "b014f297-87de-457b-a954-bf060e7c7f8a",
      "title": "",
      "fullFile": "cypress\\e2e\\04_create_doctor.cy.js",
      "file": "cypress\\e2e\\04_create_doctor.cy.js",
      "beforeHooks": [],
      "afterHooks": [],
      "tests": [],
      "suites": [
        {
          "uuid": "811ba7a9-9601-4e87-bdf5-eb75e9f74046",
          "title": "TC-AUTO-07: Admin Creates Doctor Account",
          "fullFile": "",
          "file": "",
          "beforeHooks": [],
          "afterHooks": [],
          "tests": [
            {
              "title": "TC-AUTO-07: Admin successfully creates a new doctor account",
              "fullTitle": "TC-AUTO-07: Admin Creates Doctor Account TC-AUTO-07: Admin successfully creates a new doctor account",
              "timedOut": null,
              "duration": 6810,
              "state": "passed",
              "speed": "medium",
              "pass": true,
              "fail": false,
              "pending": false,
              "context": null,
              "code": "cy.visit('/create-doctor');\nconst uniqueEmail = `dr.test_${Date.now()}@klinika.com`;\ncy.get('[name=\"first_name\"]').type('Bekim');\ncy.get('[name=\"last_name\"]').type('Berisha');\ncy.get('[name=\"email\"]').type(uniqueEmail);\ncy.get('[name=\"password\"]').type('Doctor@123');\ncy.get('[name=\"specialization\"]').type('Cardiology');\ncy.get('[name=\"license_number\"]').type('LIC-2024-789');\ncy.get('[name=\"years_of_experience\"]').type('10');\ncy.get('button[type=\"submit\"]').click();\n// Success message appears\ncy.get('.bg-green-50.text-green-700').should('be.visible').and('contain', 'Doctor account created successfully');\n// After 1 second redirects to /doctors-dashboard\ncy.url().should('include', '/doctors-dashboard', {\n  timeout: 5000\n});",
              "err": {},
              "uuid": "62f1c706-c8ec-449d-92f8-1814f4c06a9b",
              "parentUUID": "811ba7a9-9601-4e87-bdf5-eb75e9f74046",
              "isHook": false,
              "skipped": false
            }
          ],
          "suites": [],
          "passes": [
            "62f1c706-c8ec-449d-92f8-1814f4c06a9b"
          ],
          "failures": [],
          "pending": [],
          "skipped": [],
          "duration": 6810,
          "root": false,
          "rootEmpty": false,
          "_timeout": 2000
        }
      ],
      "passes": [],
      "failures": [],
      "pending": [],
      "skipped": [],
      "duration": 0,
      "root": true,
      "rootEmpty": true,
      "_timeout": 2000
    }
  ],
  "meta": {
    "mocha": {
      "version": "7.2.0"
    },
    "mochawesome": {
      "options": {
        "quiet": false,
        "reportFilename": "mochawesome",
        "saveHtml": true,
        "saveJson": true,
        "consoleReporter": "spec",
        "useInlineDiffs": false,
        "code": true
      },
      "version": "7.1.4"
    },
    "marge": {
      "options": {
        "reportDir": "cypress/reports",
        "overwrite": false,
        "html": true,
        "json": true,
        "reportTitle": "Medical Clinic - Automated Testing Report"
      },
      "version": "6.3.2"
    }
  }
}